> Task :compileJava UP-TO-DATE
> Task :processResources UP-TO-DATE
> Task :classes UP-TO-DATE
> Task :resolveMainClassName UP-TO-DATE

> Task :bootRun

  .   ____          _            __ _ _
 /\\ / ___'_ __ _ _(_)_ __  __ _ \ \ \ \
( ( )\___ | '_ | '_| | '_ \/ _` | \ \ \ \
 \\/  ___)| |_)| | | | | || (_| |  ) ) ) )
  '  |____| .__|_| |_|_| |_\__, | / / / /
 =========|_|==============|___/=/_/_/_/

 :: Spring Boot ::                (v3.5.3)

2025-07-31T17:47:07.571+09:00  INFO 21036 --- [Veco] [           main] com.example.Veco.VecoApplication         : Starting VecoApplication using Java 21.0.8 with PID 21036 (/Users/seoungbeom/Desktop/VECO_Backend/build/classes/java/main started by seoungbeom in /Users/seoungbeom/Desktop/VECO_Backend)
2025-07-31T17:47:07.572+09:00  INFO 21036 --- [Veco] [           main] com.example.Veco.VecoApplication         : The following 1 profile is active: "oauth"
2025-07-31T17:47:08.390+09:00  INFO 21036 --- [Veco] [           main] .s.d.r.c.RepositoryConfigurationDelegate : Multiple Spring Data modules found, entering strict repository configuration mode
2025-07-31T17:47:08.391+09:00  INFO 21036 --- [Veco] [           main] .s.d.r.c.RepositoryConfigurationDelegate : Bootstrapping Spring Data JPA repositories in DEFAULT mode.
2025-07-31T17:47:08.613+09:00  INFO 21036 --- [Veco] [           main] .s.d.r.c.RepositoryConfigurationDelegate : Finished Spring Data repository scanning in 217 ms. Found 19 JPA repository interfaces.
2025-07-31T17:47:08.620+09:00  INFO 21036 --- [Veco] [           main] .s.d.r.c.RepositoryConfigurationDelegate : Multiple Spring Data modules found, entering strict repository configuration mode
2025-07-31T17:47:08.621+09:00  INFO 21036 --- [Veco] [           main] .s.d.r.c.RepositoryConfigurationDelegate : Bootstrapping Spring Data Redis repositories in DEFAULT mode.
2025-07-31T17:47:08.632+09:00  INFO 21036 --- [Veco] [           main] .RepositoryConfigurationExtensionSupport : Spring Data Redis - Could not safely identify store assignment for repository candidate interface com.example.Veco.domain.assignee.repository.AssigneeRepository; If you want this repository to be a Redis repository, consider annotating your entities with one of these annotations: org.springframework.data.redis.core.RedisHash (preferred), or consider extending one of the following types with your repository: org.springframework.data.keyvalue.repository.KeyValueRepository
2025-07-31T17:47:08.632+09:00  INFO 21036 --- [Veco] [           main] .RepositoryConfigurationExtensionSupport : Spring Data Redis - Could not safely identify store assignment for repository candidate interface com.example.Veco.domain.comment.repository.CommentRepository; If you want this repository to be a Redis repository, consider annotating your entities with one of these annotations: org.springframework.data.redis.core.RedisHash (preferred), or consider extending one of the following types with your repository: org.springframework.data.keyvalue.repository.KeyValueRepository
2025-07-31T17:47:08.633+09:00  INFO 21036 --- [Veco] [           main] .RepositoryConfigurationExtensionSupport : Spring Data Redis - Could not safely identify store assignment for repository candidate interface com.example.Veco.domain.common.repository.ImageRepository; If you want this repository to be a Redis repository, consider annotating your entities with one of these annotations: org.springframework.data.redis.core.RedisHash (preferred), or consider extending one of the following types with your repository: org.springframework.data.keyvalue.repository.KeyValueRepository
2025-07-31T17:47:08.633+09:00  INFO 21036 --- [Veco] [           main] .RepositoryConfigurationExtensionSupport : Spring Data Redis - Could not safely identify store assignment for repository candidate interface com.example.Veco.domain.external.repository.ExternalRepository; If you want this repository to be a Redis repository, consider annotating your entities with one of these annotations: org.springframework.data.redis.core.RedisHash (preferred), or consider extending one of the following types with your repository: org.springframework.data.keyvalue.repository.KeyValueRepository
2025-07-31T17:47:08.633+09:00  INFO 21036 --- [Veco] [           main] .RepositoryConfigurationExtensionSupport : Spring Data Redis - Could not safely identify store assignment for repository candidate interface com.example.Veco.domain.external.repository.ExternalServiceRepository; If you want this repository to be a Redis repository, consider annotating your entities with one of these annotations: org.springframework.data.redis.core.RedisHash (preferred), or consider extending one of the following types with your repository: org.springframework.data.keyvalue.repository.KeyValueRepository
2025-07-31T17:47:08.633+09:00  INFO 21036 --- [Veco] [           main] .RepositoryConfigurationExtensionSupport : Spring Data Redis - Could not safely identify store assignment for repository candidate interface com.example.Veco.domain.external.repository.GitHubIssueRepository; If you want this repository to be a Redis repository, consider annotating your entities with one of these annotations: org.springframework.data.redis.core.RedisHash (preferred), or consider extending one of the following types with your repository: org.springframework.data.keyvalue.repository.KeyValueRepository
2025-07-31T17:47:08.633+09:00  INFO 21036 --- [Veco] [           main] .RepositoryConfigurationExtensionSupport : Spring Data Redis - Could not safely identify store assignment for repository candidate interface com.example.Veco.domain.goal.repository.GoalRepository; If you want this repository to be a Redis repository, consider annotating your entities with one of these annotations: org.springframework.data.redis.core.RedisHash (preferred), or consider extending one of the following types with your repository: org.springframework.data.keyvalue.repository.KeyValueRepository
2025-07-31T17:47:08.633+09:00  INFO 21036 --- [Veco] [           main] .RepositoryConfigurationExtensionSupport : Spring Data Redis - Could not safely identify store assignment for repository candidate interface com.example.Veco.domain.issue.repository.IssueRepository; If you want this repository to be a Redis repository, consider annotating your entities with one of these annotations: org.springframework.data.redis.core.RedisHash (preferred), or consider extending one of the following types with your repository: org.springframework.data.keyvalue.repository.KeyValueRepository
2025-07-31T17:47:08.633+09:00  INFO 21036 --- [Veco] [           main] .RepositoryConfigurationExtensionSupport : Spring Data Redis - Could not safely identify store assignment for repository candidate interface com.example.Veco.domain.mapping.repository.AssigmentRepository; If you want this repository to be a Redis repository, consider annotating your entities with one of these annotations: org.springframework.data.redis.core.RedisHash (preferred), or consider extending one of the following types with your repository: org.springframework.data.keyvalue.repository.KeyValueRepository
2025-07-31T17:47:08.634+09:00  INFO 21036 --- [Veco] [           main] .RepositoryConfigurationExtensionSupport : Spring Data Redis - Could not safely identify store assignment for repository candidate interface com.example.Veco.domain.mapping.repository.CommentRoomRepository; If you want this repository to be a Redis repository, consider annotating your entities with one of these annotations: org.springframework.data.redis.core.RedisHash (preferred), or consider extending one of the following types with your repository: org.springframework.data.keyvalue.repository.KeyValueRepository
2025-07-31T17:47:08.634+09:00  INFO 21036 --- [Veco] [           main] .RepositoryConfigurationExtensionSupport : Spring Data Redis - Could not safely identify store assignment for repository candidate interface com.example.Veco.domain.mapping.repository.GitHubInstallationRepository; If you want this repository to be a Redis repository, consider annotating your entities with one of these annotations: org.springframework.data.redis.core.RedisHash (preferred), or consider extending one of the following types with your repository: org.springframework.data.keyvalue.repository.KeyValueRepository
2025-07-31T17:47:08.634+09:00  INFO 21036 --- [Veco] [           main] .RepositoryConfigurationExtensionSupport : Spring Data Redis - Could not safely identify store assignment for repository candidate interface com.example.Veco.domain.mapping.repository.LinkRepository; If you want this repository to be a Redis repository, consider annotating your entities with one of these annotations: org.springframework.data.redis.core.RedisHash (preferred), or consider extending one of the following types with your repository: org.springframework.data.keyvalue.repository.KeyValueRepository
2025-07-31T17:47:08.634+09:00  INFO 21036 --- [Veco] [           main] .RepositoryConfigurationExtensionSupport : Spring Data Redis - Could not safely identify store assignment for repository candidate interface com.example.Veco.domain.mapping.repository.MemberTeamRepository; If you want this repository to be a Redis repository, consider annotating your entities with one of these annotations: org.springframework.data.redis.core.RedisHash (preferred), or consider extending one of the following types with your repository: org.springframework.data.keyvalue.repository.KeyValueRepository
2025-07-31T17:47:08.634+09:00  INFO 21036 --- [Veco] [           main] .RepositoryConfigurationExtensionSupport : Spring Data Redis - Could not safely identify store assignment for repository candidate interface com.example.Veco.domain.member.repository.MemberRepository; If you want this repository to be a Redis repository, consider annotating your entities with one of these annotations: org.springframework.data.redis.core.RedisHash (preferred), or consider extending one of the following types with your repository: org.springframework.data.keyvalue.repository.KeyValueRepository
2025-07-31T17:47:08.634+09:00  INFO 21036 --- [Veco] [           main] .RepositoryConfigurationExtensionSupport : Spring Data Redis - Could not safely identify store assignment for repository candidate interface com.example.Veco.domain.memberNotification.repository.MemberNotiRepository; If you want this repository to be a Redis repository, consider annotating your entities with one of these annotations: org.springframework.data.redis.core.RedisHash (preferred), or consider extending one of the following types with your repository: org.springframework.data.keyvalue.repository.KeyValueRepository
2025-07-31T17:47:08.634+09:00  INFO 21036 --- [Veco] [           main] .RepositoryConfigurationExtensionSupport : Spring Data Redis - Could not safely identify store assignment for repository candidate interface com.example.Veco.domain.notification.repository.NotiRepository; If you want this repository to be a Redis repository, consider annotating your entities with one of these annotations: org.springframework.data.redis.core.RedisHash (preferred), or consider extending one of the following types with your repository: org.springframework.data.keyvalue.repository.KeyValueRepository
2025-07-31T17:47:08.634+09:00  INFO 21036 --- [Veco] [           main] .RepositoryConfigurationExtensionSupport : Spring Data Redis - Could not safely identify store assignment for repository candidate interface com.example.Veco.domain.team.repository.NumberSequenceRepository; If you want this repository to be a Redis repository, consider annotating your entities with one of these annotations: org.springframework.data.redis.core.RedisHash (preferred), or consider extending one of the following types with your repository: org.springframework.data.keyvalue.repository.KeyValueRepository
2025-07-31T17:47:08.634+09:00  INFO 21036 --- [Veco] [           main] .RepositoryConfigurationExtensionSupport : Spring Data Redis - Could not safely identify store assignment for repository candidate interface com.example.Veco.domain.team.repository.TeamRepository; If you want this repository to be a Redis repository, consider annotating your entities with one of these annotations: org.springframework.data.redis.core.RedisHash (preferred), or consider extending one of the following types with your repository: org.springframework.data.keyvalue.repository.KeyValueRepository
2025-07-31T17:47:08.634+09:00  INFO 21036 --- [Veco] [           main] .RepositoryConfigurationExtensionSupport : Spring Data Redis - Could not safely identify store assignment for repository candidate interface com.example.Veco.domain.workspace.repository.WorkspaceRepository; If you want this repository to be a Redis repository, consider annotating your entities with one of these annotations: org.springframework.data.redis.core.RedisHash (preferred), or consider extending one of the following types with your repository: org.springframework.data.keyvalue.repository.KeyValueRepository
2025-07-31T17:47:08.634+09:00  INFO 21036 --- [Veco] [           main] .s.d.r.c.RepositoryConfigurationDelegate : Finished Spring Data repository scanning in 10 ms. Found 0 Redis repository interfaces.
2025-07-31T17:47:08.899+09:00  INFO 21036 --- [Veco] [           main] o.s.b.w.embedded.tomcat.TomcatWebServer  : Tomcat initialized with port 8080 (http)
2025-07-31T17:47:08.904+09:00  INFO 21036 --- [Veco] [           main] o.apache.catalina.core.StandardService   : Starting service [Tomcat]
2025-07-31T17:47:08.904+09:00  INFO 21036 --- [Veco] [           main] o.apache.catalina.core.StandardEngine    : Starting Servlet engine: [Apache Tomcat/10.1.42]
2025-07-31T17:47:08.924+09:00  INFO 21036 --- [Veco] [           main] o.a.c.c.C.[Tomcat].[localhost].[/]       : Initializing Spring embedded WebApplicationContext
2025-07-31T17:47:08.924+09:00  INFO 21036 --- [Veco] [           main] w.s.c.ServletWebServerApplicationContext : Root WebApplicationContext: initialization completed in 1338 ms
2025-07-31T17:47:09.170+09:00  INFO 21036 --- [Veco] [           main] o.hibernate.jpa.internal.util.LogHelper  : HHH000204: Processing PersistenceUnitInfo [name: default]
2025-07-31T17:47:09.188+09:00  INFO 21036 --- [Veco] [           main] org.hibernate.Version                    : HHH000412: Hibernate ORM core version 6.6.18.Final
2025-07-31T17:47:09.198+09:00  INFO 21036 --- [Veco] [           main] o.h.c.internal.RegionFactoryInitiator    : HHH000026: Second-level cache disabled
2025-07-31T17:47:09.289+09:00  INFO 21036 --- [Veco] [           main] o.s.o.j.p.SpringPersistenceUnitInfo      : No LoadTimeWeaver setup: ignoring JPA class transformer
2025-07-31T17:47:09.298+09:00  INFO 21036 --- [Veco] [           main] com.zaxxer.hikari.HikariDataSource       : HikariPool-1 - Starting...
2025-07-31T17:47:09.430+09:00  INFO 21036 --- [Veco] [           main] com.zaxxer.hikari.pool.HikariPool        : HikariPool-1 - Added connection com.mysql.cj.jdbc.ConnectionImpl@3857c5d5
2025-07-31T17:47:09.431+09:00  INFO 21036 --- [Veco] [           main] com.zaxxer.hikari.HikariDataSource       : HikariPool-1 - Start completed.
2025-07-31T17:47:09.454+09:00  WARN 21036 --- [Veco] [           main] org.hibernate.orm.deprecation            : HHH90000025: MySQLDialect does not need to be specified explicitly using 'hibernate.dialect' (remove the property setting and it will be selected by default)
2025-07-31T17:47:09.460+09:00  INFO 21036 --- [Veco] [           main] org.hibernate.orm.connections.pooling    : HHH10001005: Database info:
	Database JDBC URL [Connecting through datasource 'HikariDataSource (HikariPool-1)']
	Database driver: undefined/unknown
	Database version: 8.0.42
	Autocommit mode: undefined/unknown
	Isolation level: undefined/unknown
	Minimum pool size: undefined/unknown
	Maximum pool size: undefined/unknown
2025-07-31T17:47:10.003+09:00  INFO 21036 --- [Veco] [           main] o.h.e.t.j.p.i.JtaPlatformInitiator       : HHH000489: No JTA platform available (set 'hibernate.transaction.jta.platform' to enable JTA platform integration)
2025-07-31T17:47:10.152+09:00  INFO 21036 --- [Veco] [           main] j.LocalContainerEntityManagerFactoryBean : Initialized JPA EntityManagerFactory for persistence unit 'default'
GITHUB CONFIGURATIONIv23liz5xwEFLdOhW8kT
2025-07-31T17:47:10.411+09:00  INFO 21036 --- [Veco] [           main] o.s.d.j.r.query.QueryEnhancerFactory     : Hibernate is in classpath; If applicable, HQL parser will be used.
2025-07-31T17:47:10.900+09:00  INFO 21036 --- [Veco] [           main] c.e.V.d.external.util.GitHubJwtProvider  : PKCS#1 형식의 private key 감지
2025-07-31T17:47:10.900+09:00  INFO 21036 --- [Veco] [           main] c.e.V.d.external.util.GitHubJwtProvider  : GitHub App private key 로딩 완료
2025-07-31T17:47:11.135+09:00  INFO 21036 --- [Veco] [           main] org.redisson.Version                     : Redisson 3.50.0
2025-07-31T17:47:11.188+09:00 ERROR 21036 --- [Veco] [           main] i.n.r.d.DnsServerAddressStreamProviders  : Unable to load io.netty.resolver.dns.macos.MacOSDnsServerAddressStreamProvider, fallback to system defaults. This may result in incorrect DNS resolutions on MacOS. Check whether you have a dependency on 'io.netty:netty-resolver-dns-native-macos'. Use DEBUG level to see the full stack: java.lang.UnsatisfiedLinkError: failed to load the required native library
2025-07-31T17:47:11.276+09:00  INFO 21036 --- [Veco] [isson-netty-1-5] o.redisson.connection.ConnectionsHolder  : 1 connections initialized for localhost/127.0.0.1:6379
2025-07-31T17:47:11.320+09:00  INFO 21036 --- [Veco] [sson-netty-1-20] o.redisson.connection.ConnectionsHolder  : 24 connections initialized for localhost/127.0.0.1:6379
2025-07-31T17:47:11.563+09:00  WARN 21036 --- [Veco] [           main] JpaBaseConfiguration$JpaWebConfiguration : spring.jpa.open-in-view is enabled by default. Therefore, database queries may be performed during view rendering. Explicitly configure spring.jpa.open-in-view to disable this warning
2025-07-31T17:47:11.677+09:00  INFO 21036 --- [Veco] [           main] r$InitializeUserDetailsManagerConfigurer : Global AuthenticationManager configured with UserDetailsService bean with name customUserDetailsService
GITHUB CONFIGURATIONIv23liz5xwEFLdOhW8kT
2025-07-31T17:47:11.909+09:00  INFO 21036 --- [Veco] [           main] o.s.b.w.embedded.tomcat.TomcatWebServer  : Tomcat started on port 8080 (http) with context path '/'
2025-07-31T17:47:11.916+09:00  INFO 21036 --- [Veco] [           main] com.example.Veco.VecoApplication         : Started VecoApplication in 4.488 seconds (process running for 4.615)
2025-07-31T17:47:33.912+09:00  INFO 21036 --- [Veco] [nio-8080-exec-1] o.a.c.c.C.[Tomcat].[localhost].[/]       : Initializing Spring DispatcherServlet 'dispatcherServlet'
2025-07-31T17:47:33.913+09:00  INFO 21036 --- [Veco] [nio-8080-exec-1] o.s.web.servlet.DispatcherServlet        : Initializing Servlet 'dispatcherServlet'
2025-07-31T17:47:33.922+09:00  INFO 21036 --- [Veco] [nio-8080-exec-1] o.s.web.servlet.DispatcherServlet        : Completed initialization in 9 ms
2025-07-31T17:47:34.118+09:00  WARN 21036 --- [Veco] [nio-8080-exec-1] org.hibernate.orm.query                  : HHH90003004: firstResult/maxResults specified with collection fetch; applying in memory
Hibernate: 
    select
        e1_0.id,
        a1_0.external_id,
        a1_0.id,
        a1_0.assignee_id,
        a1_0.assignee_name,
        a1_0.category,
        a1_0.created_at,
        a1_0.goal_id,
        a1_0.issue_id,
        a1_0.profile_url,
        a1_0.updated_at,
        e1_0.created_at,
        e1_0.description,
        e1_0.end_date,
        e1_0.external_code,
        e1_0.github_data_id,
        e1_0.goal_id,
        e1_0.member_id,
        e1_0.name,
        e1_0.priority,
        e1_0.start_date,
        e1_0.state,
        e1_0.team_id,
        e1_0.title,
        e1_0.service_type,
        e1_0.updated_at 
    from
        external e1_0 
    left join
        assignment a1_0 
            on e1_0.id=a1_0.external_id 
    where
        e1_0.team_id=? 
    order by
        case 
            when (e1_0.state=?) 
                then ? 
            when (e1_0.state=?) 
                then ? 
            when (e1_0.state=?) 
                then ? 
            when (e1_0.state=?) 
                then ? 
            when (e1_0.state=?) 
                then ? 
            else 6 
    end,
    e1_0.created_at desc,
    e1_0.id
2025-07-31T17:48:10.729+09:00  WARN 21036 --- [Veco] [nio-8080-exec-2] org.hibernate.orm.query                  : HHH90003004: firstResult/maxResults specified with collection fetch; applying in memory
Hibernate: 
    select
        e1_0.id,
        a1_0.external_id,
        a1_0.id,
        a1_0.assignee_id,
        a1_0.assignee_name,
        a1_0.category,
        a1_0.created_at,
        a1_0.goal_id,
        a1_0.issue_id,
        a1_0.profile_url,
        a1_0.updated_at,
        e1_0.created_at,
        e1_0.description,
        e1_0.end_date,
        e1_0.external_code,
        e1_0.github_data_id,
        e1_0.goal_id,
        e1_0.member_id,
        e1_0.name,
        e1_0.priority,
        e1_0.start_date,
        e1_0.state,
        e1_0.team_id,
        e1_0.title,
        e1_0.service_type,
        e1_0.updated_at 
    from
        external e1_0 
    left join
        assignment a1_0 
            on e1_0.id=a1_0.external_id 
    where
        e1_0.team_id=? 
        and (
            case 
                when (e1_0.state=?) 
                    then ? 
                when (e1_0.state=?) 
                    then ? 
                when (e1_0.state=?) 
                    then ? 
                when (e1_0.state=?) 
                    then ? 
                when (e1_0.state=?) 
                    then ? 
                else 6 
        end>? 
        or case 
            when (e1_0.state=?) 
                then ? 
            when (e1_0.state=?) 
                then ? 
            when (e1_0.state=?) 
                then ? 
            when (e1_0.state=?) 
                then ? 
            when (e1_0.state=?) 
                then ? 
            else 6 
    end=? 
    and e1_0.created_at<? 
    or case 
        when (e1_0.state=?) 
            then ? 
        when (e1_0.state=?) 
            then ? 
        when (e1_0.state=?) 
            then ? 
        when (e1_0.state=?) 
            then ? 
        when (e1_0.state=?) 
            then ? 
        else 6 
end=? 
and e1_0.created_at=? 
and e1_0.id>?
) 
order by
    case 
        when (e1_0.state=?) 
            then ? 
        when (e1_0.state=?) 
            then ? 
        when (e1_0.state=?) 
            then ? 
        when (e1_0.state=?) 
            then ? 
        when (e1_0.state=?) 
            then ? 
        else 6 
end,
e1_0.created_at desc,
e1_0.id
2025-07-31T17:48:19.934+09:00  WARN 21036 --- [Veco] [nio-8080-exec-4] org.hibernate.orm.query                  : HHH90003004: firstResult/maxResults specified with collection fetch; applying in memory
Hibernate: 
    select
        e1_0.id,
        a1_0.external_id,
        a1_0.id,
        a1_0.assignee_id,
        a1_0.assignee_name,
        a1_0.category,
        a1_0.created_at,
        a1_0.goal_id,
        a1_0.issue_id,
        a1_0.profile_url,
        a1_0.updated_at,
        e1_0.created_at,
        e1_0.description,
        e1_0.end_date,
        e1_0.external_code,
        e1_0.github_data_id,
        e1_0.goal_id,
        e1_0.member_id,
        e1_0.name,
        e1_0.priority,
        e1_0.start_date,
        e1_0.state,
        e1_0.team_id,
        e1_0.title,
        e1_0.service_type,
        e1_0.updated_at 
    from
        external e1_0 
    left join
        assignment a1_0 
            on e1_0.id=a1_0.external_id 
    where
        e1_0.team_id=? 
        and (
            case 
                when (e1_0.state=?) 
                    then ? 
                when (e1_0.state=?) 
                    then ? 
                when (e1_0.state=?) 
                    then ? 
                when (e1_0.state=?) 
                    then ? 
                when (e1_0.state=?) 
                    then ? 
                else 6 
        end>? 
        or case 
            when (e1_0.state=?) 
                then ? 
            when (e1_0.state=?) 
                then ? 
            when (e1_0.state=?) 
                then ? 
            when (e1_0.state=?) 
                then ? 
            when (e1_0.state=?) 
                then ? 
            else 6 
    end=? 
    and e1_0.created_at<? 
    or case 
        when (e1_0.state=?) 
            then ? 
        when (e1_0.state=?) 
            then ? 
        when (e1_0.state=?) 
            then ? 
        when (e1_0.state=?) 
            then ? 
        when (e1_0.state=?) 
            then ? 
        else 6 
end=? 
and e1_0.created_at=? 
and e1_0.id>?
) 
order by
    case 
        when (e1_0.state=?) 
            then ? 
        when (e1_0.state=?) 
            then ? 
        when (e1_0.state=?) 
            then ? 
        when (e1_0.state=?) 
            then ? 
        when (e1_0.state=?) 
            then ? 
        else 6 
end,
e1_0.created_at desc,
e1_0.id
2025-07-31T17:49:06.811+09:00  WARN 21036 --- [Veco] [nio-8080-exec-7] org.hibernate.orm.query                  : HHH90003004: firstResult/maxResults specified with collection fetch; applying in memory
Hibernate: 
    select
        e1_0.id,
        a1_0.external_id,
        a1_0.id,
        a1_0.assignee_id,
        a1_0.assignee_name,
        a1_0.category,
        a1_0.created_at,
        a1_0.goal_id,
        a1_0.issue_id,
        a1_0.profile_url,
        a1_0.updated_at,
        e1_0.created_at,
        e1_0.description,
        e1_0.end_date,
        e1_0.external_code,
        e1_0.github_data_id,
        e1_0.goal_id,
        e1_0.member_id,
        e1_0.name,
        e1_0.priority,
        e1_0.start_date,
        e1_0.state,
        e1_0.team_id,
        e1_0.title,
        e1_0.service_type,
        e1_0.updated_at 
    from
        external e1_0 
    left join
        assignment a1_0 
            on e1_0.id=a1_0.external_id 
    where
        e1_0.team_id=? 
    order by
        case 
            when (e1_0.state=?) 
                then ? 
            when (e1_0.state=?) 
                then ? 
            when (e1_0.state=?) 
                then ? 
            when (e1_0.state=?) 
                then ? 
            when (e1_0.state=?) 
                then ? 
            else 6 
    end,
    e1_0.created_at desc,
    e1_0.id
2025-07-31T17:49:30.207+09:00  WARN 21036 --- [Veco] [nio-8080-exec-8] org.hibernate.orm.query                  : HHH90003004: firstResult/maxResults specified with collection fetch; applying in memory
Hibernate: 
    select
        e1_0.id,
        a1_0.external_id,
        a1_0.id,
        a1_0.assignee_id,
        a1_0.assignee_name,
        a1_0.category,
        a1_0.created_at,
        a1_0.goal_id,
        a1_0.issue_id,
        a1_0.profile_url,
        a1_0.updated_at,
        e1_0.created_at,
        e1_0.description,
        e1_0.end_date,
        e1_0.external_code,
        e1_0.github_data_id,
        e1_0.goal_id,
        e1_0.member_id,
        e1_0.name,
        e1_0.priority,
        e1_0.start_date,
        e1_0.state,
        e1_0.team_id,
        e1_0.title,
        e1_0.service_type,
        e1_0.updated_at 
    from
        external e1_0 
    left join
        assignment a1_0 
            on e1_0.id=a1_0.external_id 
    where
        e1_0.team_id=? 
        and (
            case 
                when (e1_0.state=?) 
                    then ? 
                when (e1_0.state=?) 
                    then ? 
                when (e1_0.state=?) 
                    then ? 
                when (e1_0.state=?) 
                    then ? 
                when (e1_0.state=?) 
                    then ? 
                else 6 
        end>? 
        or case 
            when (e1_0.state=?) 
                then ? 
            when (e1_0.state=?) 
                then ? 
            when (e1_0.state=?) 
                then ? 
            when (e1_0.state=?) 
                then ? 
            when (e1_0.state=?) 
                then ? 
            else 6 
    end=? 
    and e1_0.created_at<? 
    or case 
        when (e1_0.state=?) 
            then ? 
        when (e1_0.state=?) 
            then ? 
        when (e1_0.state=?) 
            then ? 
        when (e1_0.state=?) 
            then ? 
        when (e1_0.state=?) 
            then ? 
        else 6 
end=? 
and e1_0.created_at=? 
and e1_0.id>?
) 
order by
    case 
        when (e1_0.state=?) 
            then ? 
        when (e1_0.state=?) 
            then ? 
        when (e1_0.state=?) 
            then ? 
        when (e1_0.state=?) 
            then ? 
        when (e1_0.state=?) 
            then ? 
        else 6 
end,
e1_0.created_at desc,
e1_0.id

Daemon will be stopped at the end of the build stop command received
Timed out waiting for finished message from client socket connection from /127.0.0.1:59223 to /127.0.0.1:65508. Discarding connection.

> Task :bootRun
2025-07-31T17:51:39.400+09:00  INFO 21036 --- [Veco] [ionShutdownHook] o.s.b.w.e.tomcat.GracefulShutdown        : Commencing graceful shutdown. Waiting for active requests to complete
2025-07-31T17:51:39.406+09:00  INFO 21036 --- [Veco] [tomcat-shutdown] o.s.b.w.e.tomcat.GracefulShutdown        : Graceful shutdown complete
2025-07-31T17:51:39.582+09:00  INFO 21036 --- [Veco] [ionShutdownHook] j.LocalContainerEntityManagerFactoryBean : Closing JPA EntityManagerFactory for persistence unit 'default'
2025-07-31T17:51:39.584+09:00  INFO 21036 --- [Veco] [ionShutdownHook] com.zaxxer.hikari.HikariDataSource       : HikariPool-1 - Shutdown initiated...
2025-07-31T17:51:39.587+09:00  INFO 21036 --- [Veco] [ionShutdownHook] com.zaxxer.hikari.HikariDataSource       : HikariPool-1 - Shutdown completed.

> Task :bootRun FAILED

FAILURE: Build failed with an exception.

* What went wrong:
Execution failed for task ':bootRun'.
> Process 'command '/opt/homebrew/Cellar/openjdk@21/21.0.8/libexec/openjdk.jdk/Contents/Home/bin/java'' finished with non-zero exit value 143

* Try:
> Run with --stacktrace option to get the stack trace.
> Run with --info or --debug option to get more log output.
> Run with --scan to get full insights.
> Get more help at https://help.gradle.org.

BUILD FAILED in 4m 33s
4 actionable tasks: 1 executed, 3 up-to-date
